<?xml version="1.0" encoding="UTF-8"?>
<testng-results ignored="0" total="1" passed="1" failed="0" skipped="0">
  <reporter-output>
  </reporter-output>
  <suite started-at="2021-07-07T01:54:52Z" name="Default suite" finished-at="2021-07-07T01:55:08Z" duration-ms="15744">
    <groups>
    </groups>
    <test started-at="2021-07-07T01:54:52Z" name="Default test" finished-at="2021-07-07T01:55:08Z" duration-ms="15744">
      <class name="com.GH_GitLab.CreateJobTest">
        <test-method is-config="true" signature="seTup()[pri:0, instance:com.GH_GitLab.CreateJobTest@4b7dc788]" started-at="2021-07-07T01:54:52Z" name="seTup" finished-at="2021-07-07T01:54:55Z" duration-ms="2850" status="PASS">
          <reporter-output>
          </reporter-output>
        </test-method> <!-- seTup -->
        <test-method signature="jobTest()[pri:0, instance:com.GH_GitLab.CreateJobTest@4b7dc788]" started-at="2021-07-07T01:54:55Z" name="jobTest" finished-at="2021-07-07T01:55:08Z" duration-ms="12875" status="PASS">
          <reporter-output>
          </reporter-output>
        </test-method> <!-- jobTest -->
        <test-method is-config="true" signature="tearDown()[pri:0, instance:com.GH_GitLab.CreateJobTest@4b7dc788]" started-at="2021-07-07T01:55:08Z" name="tearDown" finished-at="2021-07-07T01:55:08Z" duration-ms="1" status="PASS">
          <reporter-output>
          </reporter-output>
        </test-method> <!-- tearDown -->
      </class> <!-- com.GH_GitLab.CreateJobTest -->
    </test> <!-- Default test -->
  </suite> <!-- Default suite -->
</testng-results>
